<?xml version="1.0" encoding="UTF-8"?>
<!-- Generated by org.testng.reporters.JUnitXMLReporter -->
<testsuite hostname="ECF201-400" name="Default test" tests="3" failures="0" timestamp="19 Sep 2019 06:40:07 GMT" time="33.13" errors="0">
  <testcase name="loginpage" time="9.023" classname="studentcal.accesscalendar.AccessCalendar"/>
  <testcase name="login" time="11.702" classname="studentcal.accesscalendar.AccessCalendar"/>
  <testcase name="filters" time="6.206" classname="studentcal.accesscalendar.AccessCalendar"/>
</testsuite> <!-- Default test -->
