<?xml version="1.0" encoding="UTF-8"?>
<!-- Generated by org.testng.reporters.JUnitXMLReporter -->
<testsuite hostname="ECF201-400" name="CalendarLandingPageTest" tests="4" failures="0" timestamp="22 Sep 2019 23:44:53 GMT" time="22.908" errors="0">
  <testcase name="loginpage" time="4.669" classname="studentcal.calendartests.CalendarLandingPageTest"/>
  <testcase name="login" time="11.749" classname="studentcal.calendartests.CalendarLandingPageTest"/>
  <testcase name="currentmthcalendar" time="0.175" classname="studentcal.calendartests.CalendarLandingPageTest"/>
  <testcase name="calendarviews" time="0.106" classname="studentcal.calendartests.CalendarLandingPageTest"/>
</testsuite> <!-- CalendarLandingPageTest -->
