<?xml version="1.0" encoding="UTF-8"?>
<testng-results skipped="0" failed="0" total="2" passed="2">
  <reporter-output>
  </reporter-output>
  <suite name="Default suite" duration-ms="27416" started-at="2019-09-17T00:43:06Z" finished-at="2019-09-17T00:43:34Z">
    <groups>
    </groups>
    <test name="Default test" duration-ms="27416" started-at="2019-09-17T00:43:06Z" finished-at="2019-09-17T00:43:34Z">
      <class name="studentcal.accesscalendar.AccessCalendar">
        <test-method status="PASS" signature="beforeTest()[pri:0, instance:studentcal.accesscalendar.AccessCalendar@4c70fda8]" name="beforeTest" is-config="true" duration-ms="3843" started-at="2019-09-17T10:43:06Z" finished-at="2019-09-17T10:43:10Z">
          <reporter-output>
          </reporter-output>
        </test-method> <!-- beforeTest -->
        <test-method status="PASS" signature="loginpage()[pri:1, instance:studentcal.accesscalendar.AccessCalendar@4c70fda8]" name="loginpage" duration-ms="9577" started-at="2019-09-17T10:43:10Z" description="link to Student Calendar" finished-at="2019-09-17T10:43:20Z">
          <reporter-output>
          </reporter-output>
        </test-method> <!-- loginpage -->
        <test-method status="PASS" signature="login()[pri:2, instance:studentcal.accesscalendar.AccessCalendar@4c70fda8]" name="login" duration-ms="11894" started-at="2019-09-17T10:43:20Z" description="Login to Student Calendar" finished-at="2019-09-17T10:43:32Z">
          <reporter-output>
          </reporter-output>
        </test-method> <!-- login -->
        <test-method status="PASS" signature="afterTest()[pri:0, instance:studentcal.accesscalendar.AccessCalendar@4c70fda8]" name="afterTest" is-config="true" duration-ms="2083" started-at="2019-09-17T10:43:32Z" finished-at="2019-09-17T10:43:34Z">
          <reporter-output>
          </reporter-output>
        </test-method> <!-- afterTest -->
      </class> <!-- studentcal.accesscalendar.AccessCalendar -->
    </test> <!-- Default test -->
  </suite> <!-- Default suite -->
</testng-results>
